<?xml version="1.0" encoding="UTF-8"?>
<testsuite name="SILab2Test" tests="3" skipped="0" failures="0" errors="0" timestamp="2022-05-10T20:39:34" hostname="DESKTOP-MIVVBN9" time="0.021">
  <properties/>
  <testcase name="everyPathTest()" classname="SILab2Test" time="0.017"/>
  <testcase name="everyStatementTest()" classname="SILab2Test" time="0.001"/>
  <testcase name="multipleConditionTest()" classname="SILab2Test" time="0.001"/>
  <system-out><![CDATA[]]></system-out>
  <system-err><![CDATA[]]></system-err>
</testsuite>
